Build started 1/22/2010 10:12:48 AM.
     1>Project "D:\Projects\Far\Newarc\Modules\rar\Build\VS2010\rar.VS2010.vcxproj" on node 2 (build target(s)).
     1>_PrepareForBuild:
         Creating directory "..\..\Bin\Release Unicode\".
         Creating "..\..\Bin\Release Unicode\rar.unsuccessfulbuild" because "AlwaysCreate" was specified.
       ClCompile:
         C:\Program Files\Microsoft Visual Studio 10.0\VC\bin\CL.exe /c /I../../Include /I../../../../Framework/Include /Zi /nologo /W1 /WX- /O1 /Os /Oy /GL /D _WINDLL /D _UNICODE /D UNICODE /GF /Gm- /EHsc /MT /Zp1 /GS- /Gy /fp:precise /Zc:wchar_t /Zc:forScope /GR- /Fo"..\..\Bin\Release Unicode\\" /Fd"..\..\Bin\Release Unicode\vc100.pdb" /Gd /TP /analyze- /errorReport:prompt ..\..\..\..\Framework\Src\debug.cpp ..\..\..\..\Framework\Src\FarDialog.cpp ..\..\..\..\Framework\Src\farlng.cpp ..\..\..\..\Framework\Src\FarPagedDialog.cpp ..\..\..\..\Framework\Src\FarRegistry.cpp ..\..\..\..\Framework\Src\rtl.Hook.cpp ..\..\..\..\Framework\Src\rtl.Kernel.cpp ..\..\..\..\Framework\Src\rtl.Memory.cpp ..\..\..\..\Framework\Src\rtl.Misc.cpp ..\..\..\..\Framework\Src\rtl.Strings.cpp ..\..\..\..\Framework\Src\Rtl.Thunks.cpp ..\..\..\..\Framework\Src\strmix.cpp ..\..\Source\rar.Class.cpp ..\..\Source\rar.cpp
         debug.cpp
         FarDialog.cpp
         farlng.cpp
         FarPagedDialog.cpp
         FarRegistry.cpp
         rtl.Hook.cpp
         rtl.Kernel.cpp
         rtl.Memory.cpp
         rtl.Misc.cpp
         rtl.Strings.cpp
         Rtl.Thunks.cpp
         strmix.cpp
         rar.Class.cpp
     1>..\..\Source\rar.Class.cpp(65): error C2065: 'OM_LIST' : undeclared identifier
     1>..\..\Source\rar.Class.cpp(132): error C2664: 'free' : cannot convert parameter 1 from 'const TCHAR *' to 'void *'
                 Conversion loses qualifiers
     1>..\..\Source\rar.Class.cpp(133): error C2664: 'free' : cannot convert parameter 1 from 'const TCHAR *' to 'void *'
                 Conversion loses qualifiers
     1>..\..\Source\rar.Class.cpp(150): error C2065: 'ArchivePassword' : undeclared identifier
     1>..\..\Source\rar.Class.cpp(150): error C2146: syntax error : missing ';' before identifier 'Password'
     1>..\..\Source\rar.Class.cpp(150): error C2065: 'Password' : undeclared identifier
     1>..\..\Source\rar.Class.cpp(152): error C2065: 'Password' : undeclared identifier
     1>..\..\Source\rar.Class.cpp(152): error C2228: left of '.lpBuffer' must have class/struct/union
                 type is ''unknown-type''
     1>..\..\Source\rar.Class.cpp(153): error C2065: 'Password' : undeclared identifier
     1>..\..\Source\rar.Class.cpp(153): error C2228: left of '.dwBufferSize' must have class/struct/union
                 type is ''unknown-type''
     1>..\..\Source\rar.Class.cpp(155): error C2065: 'Password' : undeclared identifier
     1>..\..\Source\rar.Class.cpp(158): error C2065: 'Password' : undeclared identifier
     1>..\..\Source\rar.Class.cpp(158): error C2228: left of '.lpBuffer' must have class/struct/union
                 type is ''unknown-type''
     1>..\..\Source\rar.Class.cpp(168): error C2065: 'Password' : undeclared identifier
     1>..\..\Source\rar.Class.cpp(168): error C2228: left of '.lpBuffer' must have class/struct/union
                 type is ''unknown-type''
     1>..\..\Source\rar.Class.cpp(264): error C2039: 'lpDestName' : is not a member of 'ProcessFileStruct'
                 D:\Projects\Far\Newarc\Framework\Include\../../API/module.hpp(114) : see declaration of 'ProcessFileStruct'
         rar.cpp
     1>..\..\Source\rar.cpp(57): error C2039: 'hResult' : is not a member of 'QueryArchiveStruct'
                 D:\Projects\Far\Newarc\Framework\Include\../../API/module.hpp(204) : see declaration of 'QueryArchiveStruct'
     1>..\..\Source\rar.cpp(58): error C2039: 'uid' : is not a member of 'QueryArchiveStruct'
                 D:\Projects\Far\Newarc\Framework\Include\../../API/module.hpp(204) : see declaration of 'QueryArchiveStruct'
     1>..\..\Source\rar.cpp(60): error C2065: 'QUERY_FLAG_UID_READY' : undeclared identifier
     1>..\..\Source\rar.cpp(66): error C2065: 'NAERROR_INTERNAL' : undeclared identifier
     1>..\..\Source\rar.cpp(69): error C2065: 'OpenArchiveStruct' : undeclared identifier
     1>..\..\Source\rar.cpp(69): error C2065: 'pOAS' : undeclared identifier
     1>..\..\Source\rar.cpp(70): error C2448: 'OnOpenArchive' : function-style initializer appears to be a function definition
     1>..\..\Source\rar.cpp(106): error C2039: 'nFormats' : is not a member of 'ArchiveModuleInfo'
                 D:\Projects\Far\Newarc\Framework\Include\../../API/module.hpp(174) : see declaration of 'ArchiveModuleInfo'
     1>..\..\Source\rar.cpp(107): error C2039: 'pFormatInfo' : is not a member of 'ArchiveModuleInfo'
                 D:\Projects\Far\Newarc\Framework\Include\../../API/module.hpp(174) : see declaration of 'ArchiveModuleInfo'
     1>..\..\Source\rar.cpp(108): error C2065: 'AMF_SUPPORT_SINGLE_FORMAT_QUERY' : undeclared identifier
     1>..\..\Source\rar.cpp(177): error C2039: 'uid' : is not a member of 'GetDefaultCommandStruct'
                 D:\Projects\Far\Newarc\Framework\Include\../../API/module.hpp(220) : see declaration of 'GetDefaultCommandStruct'
     1>..\..\Source\rar.cpp(179): error C2664: 'wcscpy' : cannot convert parameter 1 from 'const TCHAR *' to 'wchar_t *'
                 Conversion loses qualifiers
     1>..\..\Source\rar.cpp(206): error C2065: 'OpenArchiveStruct' : undeclared identifier
     1>..\..\Source\rar.cpp(206): error C2059: syntax error : ')'
     1>..\..\Source\rar.cpp(206): error C3861: 'OnOpenArchive': identifier not found
     1>..\..\Source\rar.cpp(211): error C2065: 'FID_FINALIZEARCHIVE' : undeclared identifier
     1>..\..\Source\rar.cpp(211): error C2051: case expression not constant
     1>Done Building Project "D:\Projects\Far\Newarc\Modules\rar\Build\VS2010\rar.VS2010.vcxproj" (build target(s)) -- FAILED.

Build FAILED.

Time Elapsed 00:00:12.98
